<?xml version="1.0" encoding="UTF-8"?>
<!-- Generated by org.testng.reporters.JUnitReportReporter -->
<testsuite skipped="0" hostname="DESKTOP-JR77HT2" name="LICT.Sarowar_Lict_Automation_Project.TestPage_Reg" tests="1" failures="0" timestamp="2020-10-11T02:08:46 BDT" time="14.338" errors="0">
  <testcase name="Reg_is_working_with_valid_data" time="14.338" classname="LICT.Sarowar_Lict_Automation_Project.TestPage_Reg"/>
  <system-out/>
</testsuite> <!-- LICT.Sarowar_Lict_Automation_Project.TestPage_Reg -->
