<?xml version="1.0" encoding="UTF-8"?>
<!-- Generated by org.testng.reporters.JUnitReportReporter -->
<testsuite skipped="0" hostname="DESKTOP-JR77HT2" name="LICT.Sarowar_Lict_Automation_Project.TestPage_Subscribe_NewsLetter" tests="1" failures="0" timestamp="2020-08-27T03:08:04 BDT" time="2.495" errors="0">
  <testcase name="checking_NewsLetter_subscription_is_not_working_mail_already_exist" time="2.495" classname="LICT.Sarowar_Lict_Automation_Project.TestPage_Subscribe_NewsLetter"/>
  <system-out/>
</testsuite> <!-- LICT.Sarowar_Lict_Automation_Project.TestPage_Subscribe_NewsLetter -->
