<?xml version="1.0" encoding="UTF-8"?>
<!-- Generated by org.testng.reporters.JUnitReportReporter -->
<testsuite skipped="0" hostname="DESKTOP-JR77HT2" name="LICT.Sarowar_Lict_Automation_Project.TestPage_AutoP" tests="4" failures="0" timestamp="2020-08-27T02:59:25 BDT" time="20.971" errors="0">
  <testcase name="checking_LogIn_is_working" time="9.848" classname="LICT.Sarowar_Lict_Automation_Project.TestPage_AutoP"/>
  <system-out/>
  <testcase name="checking_LogIn_invalidEmail_is_not_working" time="4.927" classname="LICT.Sarowar_Lict_Automation_Project.TestPage_AutoP"/>
  <system-out/>
  <testcase name="checking_LogIn_invalidPass_is_not_working" time="4.246" classname="LICT.Sarowar_Lict_Automation_Project.TestPage_AutoP"/>
  <system-out/>
  <testcase name="checking_LogIn_is_working_for_add_to_cart" time="1.950" classname="LICT.Sarowar_Lict_Automation_Project.TestPage_AutoP"/>
  <system-out/>
</testsuite> <!-- LICT.Sarowar_Lict_Automation_Project.TestPage_AutoP -->
