<?xml version="1.0" encoding="UTF-8"?>
<!-- Generated by org.testng.reporters.JUnitReportReporter -->
<testsuite skipped="0" hostname="DESKTOP-JR77HT2" name="LICT.Sarowar_Lict_Automation_Project.TestPage_Search_verify" tests="1" failures="0" timestamp="2020-10-11T02:06:56 BDT" time="30.845" errors="0">
  <testcase name="checking_Search_is_working" time="30.845" classname="LICT.Sarowar_Lict_Automation_Project.TestPage_Search_verify"/>
  <system-out/>
</testsuite> <!-- LICT.Sarowar_Lict_Automation_Project.TestPage_Search_verify -->
